<?xml version="1.0" encoding="UTF-8"?>
<coverage generated="1676639136339" clover="3.2.0">
  <project timestamp="1676639136339" name="All files">
    <metrics statements="8" coveredstatements="0" conditionals="4" coveredconditionals="0" methods="2" coveredmethods="0" elements="14" coveredelements="0" complexity="0" loc="8" ncloc="8" packages="1" files="2" classes="2"/>
    <file name="reportWebVitals.js" path="/home/lnv153/MiniUiProject/projectMain/clientside/src/reportWebVitals.js">
      <metrics statements="8" coveredstatements="0" conditionals="4" coveredconditionals="0" methods="2" coveredmethods="0"/>
      <line num="1" count="0" type="stmt"/>
      <line num="2" count="0" type="cond" truecount="0" falsecount="4"/>
      <line num="3" count="0" type="stmt"/>
      <line num="4" count="0" type="stmt"/>
      <line num="5" count="0" type="stmt"/>
      <line num="6" count="0" type="stmt"/>
      <line num="7" count="0" type="stmt"/>
      <line num="8" count="0" type="stmt"/>
    </file>
    <file name="setupTests.js" path="/home/lnv153/MiniUiProject/projectMain/clientside/src/setupTests.js">
      <metrics statements="0" coveredstatements="0" conditionals="0" coveredconditionals="0" methods="0" coveredmethods="0"/>
    </file>
  </project>
</coverage>
